<?xml version="1.0" encoding="UTF-8"?>
<!-- Generated by org.testng.reporters.JUnitReportReporter -->
<testsuite hostname="INBOOK_X1_SLIM" failures="0" tests="1" name="DropDown.Power" time="7.598" errors="0" timestamp="2023-03-10T23:06:35 IST" skipped="0">
  <testcase classname="DropDown.Power" name="m1" time="7.598"/>
  <system-out/>
</testsuite> <!-- DropDown.Power -->
