<?xml version="1.0" encoding="UTF-8"?>
<!-- Generated by org.testng.reporters.JUnitReportReporter -->
<testsuite hostname="INBOOK_X1_SLIM" failures="0" tests="2" name="testNG.XMLConversion" time="12.822" errors="0" timestamp="2023-02-16T22:17:27 IST" skipped="0">
  <testcase classname="testNG.XMLConversion" name="facebookTest" time="8.811"/>
  <system-out/>
  <testcase classname="testNG.XMLConversion" name="google" time="4.011"/>
  <system-out/>
</testsuite> <!-- testNG.XMLConversion -->
