<?xml version="1.0" encoding="UTF-8"?>
<!-- Generated by org.testng.reporters.JUnitReportReporter -->
<testsuite hostname="INBOOK_X1_SLIM" failures="0" tests="2" name="assertions.HardAssert" time="0.016" errors="0" timestamp="2023-03-07T10:39:16 IST" skipped="1">
  <testcase classname="assertions.HardAssert" name="demo" time="0.016"/>
  <system-out/>
  <testcase classname="assertions.HardAssert" name="demo1">
    <skipped/>
  </testcase> <!-- demo1 -->
  <system-out/>
</testsuite> <!-- assertions.HardAssert -->
