<?xml version="1.0" encoding="UTF-8"?>
<!-- Generated by org.testng.reporters.JUnitReportReporter -->
<testsuite hostname="INBOOK_X1_SLIM" failures="0" tests="4" name="testNG.PriorityPractice" time="0.013" errors="0" timestamp="2023-02-07T08:14:04 IST" skipped="0">
  <testcase classname="testNG.PriorityPractice" name="demo3" time="0.008"/>
  <system-out>
    <![CDATA[demo1]]>
  </system-out>
  <testcase classname="testNG.PriorityPractice" name="demo1" time="0.002"/>
  <system-out>
    <![CDATA[demo1]]>
  </system-out>
  <testcase classname="testNG.PriorityPractice" name="demo4" time="0.001"/>
  <system-out>
    <![CDATA[demo1]]>
  </system-out>
  <testcase classname="testNG.PriorityPractice" name="demo2" time="0.002"/>
  <system-out>
    <![CDATA[demo1]]>
  </system-out>
</testsuite> <!-- testNG.PriorityPractice -->
