<?xml version="1.0" encoding="UTF-8"?>
<!-- Generated by org.testng.reporters.JUnitReportReporter -->
<testsuite hostname="INBOOK_X1_SLIM" failures="0" tests="2" name="testNG.EnabledFalse" time="0.009" errors="0" timestamp="2023-02-07T09:44:52 IST" skipped="1">
  <testcase classname="testNG.EnabledFalse" name="demo2" time="0.009"/>
  <system-out/>
  <testcase classname="testNG.EnabledFalse" name="demo1">
    <skipped/>
  </testcase> <!-- demo1 -->
  <system-out/>
</testsuite> <!-- testNG.EnabledFalse -->
