<?xml version="1.0" encoding="UTF-8"?>
<!-- Generated by org.testng.reporters.JUnitReportReporter -->
<testsuite hostname="INBOOK_X1_SLIM" failures="0" tests="2" name="PracticePackage.Dropdown" time="30.035" errors="0" timestamp="2023-04-05T22:27:53 IST" skipped="0">
  <testcase classname="PracticePackage.Dropdown" name="getData" time="15.697"/>
  <system-out/>
  <testcase classname="PracticePackage.Dropdown" name="getData" time="14.338"/>
  <system-out/>
</testsuite> <!-- PracticePackage.Dropdown -->
