<?xml version="1.0" encoding="UTF-8"?>
<!-- Generated by org.testng.reporters.JUnitReportReporter -->
<testsuite hostname="INBOOK_X1_SLIM" failures="0" tests="3" name="testNG.InvocationCount" time="0.015" errors="0" timestamp="2023-02-15T10:47:19 IST" skipped="0">
  <testcase classname="testNG.InvocationCount" name="demo4" time="0.004"/>
  <system-out/>
  <testcase classname="testNG.InvocationCount" name="demo1" time="0.009"/>
  <system-out/>
  <testcase classname="testNG.InvocationCount" name="demo1" time="0.002"/>
  <system-out/>
</testsuite> <!-- testNG.InvocationCount -->
