<?xml version="1.0" encoding="UTF-8"?>
<!-- Generated by org.testng.reporters.JUnitReportReporter -->
<testsuite hostname="INBOOK_X1_SLIM" failures="0" tests="2" name="groupExecution.Test2" time="0.004" errors="0" timestamp="2023-03-27T09:57:43 IST" skipped="0">
  <testcase classname="groupExecution.Test2" name="demo1" time="0.002"/>
  <system-out/>
  <testcase classname="groupExecution.Test2" name="demo4" time="0.002"/>
  <system-out/>
</testsuite> <!-- groupExecution.Test2 -->
