<?xml version="1.0" encoding="UTF-8"?>
<!-- Generated by org.testng.reporters.JUnitReportReporter -->
<testsuite hostname="INBOOK_X1_SLIM" failures="0" tests="4" name="groupExecution.Test3" time="0.043" errors="0" timestamp="2023-02-16T13:47:38 IST" skipped="0">
  <testcase classname="groupExecution.Test3" name="demo3" time="0.003"/>
  <system-out/>
  <testcase classname="groupExecution.Test3" name="demo1" time="0.030"/>
  <system-out/>
  <testcase classname="groupExecution.Test3" name="demo2" time="0.005"/>
  <system-out/>
  <testcase classname="groupExecution.Test3" name="demo4" time="0.005"/>
  <system-out/>
</testsuite> <!-- groupExecution.Test3 -->
