<?xml version="1.0" encoding="UTF-8"?>
<!-- Generated by org.testng.reporters.JUnitReportReporter -->
<testsuite hostname="INBOOK_X1_SLIM" failures="0" tests="3" name="batchexecution.Test1" time="0.009" errors="0" timestamp="2023-03-27T09:34:16 IST" skipped="0">
  <testcase classname="batchexecution.Test1" name="demo1" time="0.006"/>
  <system-out/>
  <testcase classname="batchexecution.Test1" name="demo2" time="0.002"/>
  <system-out/>
  <testcase classname="batchexecution.Test1" name="demo3" time="0.001"/>
  <system-out/>
</testsuite> <!-- batchexecution.Test1 -->
