<?xml version="1.0" encoding="UTF-8"?>
<!-- Generated by org.testng.reporters.JUnitReportReporter -->
<testsuite hostname="INBOOK_X1_SLIM" failures="0" tests="1" name="testNG.TestNGPractice" time="0.008" errors="0" timestamp="2023-02-06T10:06:25 IST" skipped="0">
  <testcase classname="testNG.TestNGPractice" name="demo" time="0.008"/>
  <system-out>
    <![CDATA[demo]]>
  </system-out>
</testsuite> <!-- testNG.TestNGPractice -->
