<?xml version="1.0" encoding="UTF-8"?>
<!-- Generated by org.testng.reporters.JUnitReportReporter -->
<testsuite hostname="INBOOK_X1_SLIM" failures="0" tests="3" name="distributtedParallelExecution.Test5" time="0.015" errors="0" timestamp="2023-03-27T15:50:58 IST" skipped="0">
  <testcase classname="distributtedParallelExecution.Test5" name="demo1" time="0.012"/>
  <system-out/>
  <testcase classname="distributtedParallelExecution.Test5" name="demo3" time="0.002"/>
  <system-out/>
  <testcase classname="distributtedParallelExecution.Test5" name="demo2" time="0.001"/>
  <system-out/>
</testsuite> <!-- distributtedParallelExecution.Test5 -->
