<?xml version="1.0" encoding="UTF-8"?>
<!-- Generated by org.testng.reporters.JUnitReportReporter -->
<testsuite hostname="INBOOK_X1_SLIM" failures="0" tests="3" name="parallelExecution.Test2" time="0.080" errors="0" timestamp="2023-02-09T08:48:53 IST" skipped="0">
  <testcase classname="parallelExecution.Test2" name="demo3" time="0.065"/>
  <system-out/>
  <testcase classname="parallelExecution.Test2" name="demo1" time="0.003"/>
  <system-out/>
  <testcase classname="parallelExecution.Test2" name="demo2" time="0.012"/>
  <system-out/>
</testsuite> <!-- parallelExecution.Test2 -->
