<?xml version="1.0" encoding="UTF-8"?>
<!-- Generated by org.testng.reporters.JUnitReportReporter -->
<testsuite hostname="INBOOK_X1_SLIM" failures="0" tests="4" name="testNG.Priority1" time="0.015" errors="0" timestamp="2023-02-14T13:20:42 IST" skipped="0">
  <testcase classname="testNG.Priority1" name="demo1" time="0.004"/>
  <system-out/>
  <testcase classname="testNG.Priority1" name="demo1" time="0.002"/>
  <system-out/>
  <testcase classname="testNG.Priority1" name="demo1" time="0.008"/>
  <system-out/>
  <testcase classname="testNG.Priority1" name="demo3" time="0.001"/>
  <system-out/>
</testsuite> <!-- testNG.Priority1 -->
