<?xml version="1.0" encoding="UTF-8"?>
<!-- Generated by org.testng.reporters.JUnitReportReporter -->
<testsuite hostname="INBOOK_X1_SLIM" failures="0" tests="1" name="Selenium.SeleniumGridTest1" time="1.702" errors="0" timestamp="2023-04-11T16:06:40 IST" skipped="0">
  <testcase classname="Selenium.SeleniumGridTest1" name="demo" time="1.702"/>
  <system-out/>
</testsuite> <!-- Selenium.SeleniumGridTest1 -->
