<?xml version="1.0" encoding="UTF-8"?>
<!-- Generated by org.testng.reporters.JUnitReportReporter -->
<testsuite hostname="INBOOK_X1_SLIM" failures="0" tests="3" name="parallelExecution.Test4" time="0.008" errors="0" timestamp="2023-02-09T08:48:53 IST" skipped="0">
  <testcase classname="parallelExecution.Test4" name="demo2" time="0.001"/>
  <system-out/>
  <testcase classname="parallelExecution.Test4" name="demo3" time="0.000"/>
  <system-out/>
  <testcase classname="parallelExecution.Test4" name="demo1" time="0.007"/>
  <system-out/>
</testsuite> <!-- parallelExecution.Test4 -->
