<?xml version="1.0" encoding="UTF-8"?>
<!-- Generated by org.testng.reporters.JUnitReportReporter -->
<testsuite hostname="INBOOK_X1_SLIM" failures="0" tests="1" name="brokenLink.BrokenLink" time="149.969" errors="0" timestamp="2023-04-07T15:29:37 IST" skipped="0">
  <testcase classname="brokenLink.BrokenLink" name="broken" time="149.969"/>
  <system-out/>
</testsuite> <!-- brokenLink.BrokenLink -->
