<?xml version="1.0" encoding="UTF-8"?>
<!-- Generated by org.testng.reporters.JUnitReportReporter -->
<testsuite hostname="INBOOK_X1_SLIM" failures="0" tests="1" name="brokenLink.BrokenLink1" time="10.841" errors="0" timestamp="2023-04-08T13:45:43 IST" skipped="0">
  <testcase classname="brokenLink.BrokenLink1" name="broken1" time="10.841"/>
  <system-out/>
</testsuite> <!-- brokenLink.BrokenLink1 -->
