<?xml version="1.0" encoding="UTF-8"?>
<!-- Generated by org.testng.reporters.JUnitReportReporter -->
<testsuite hostname="INBOOK_X1_SLIM" failures="0" tests="2" name="testNG.DisableTestScripts" time="0.007" errors="0" timestamp="2023-03-09T15:47:38 IST" skipped="1">
  <testcase classname="testNG.DisableTestScripts" name="demo" time="0.007"/>
  <system-out/>
  <testcase classname="testNG.DisableTestScripts" name="demo1">
    <skipped/>
  </testcase> <!-- demo1 -->
  <system-out/>
</testsuite> <!-- testNG.DisableTestScripts -->
