<?xml version="1.0" encoding="UTF-8"?>
<!-- Generated by org.testng.reporters.JUnitReportReporter -->
<testsuite hostname="INBOOK_X1_SLIM" failures="0" tests="1" name="ScrollBar.Practice" time="12.196" errors="0" timestamp="2023-03-22T20:45:03 IST" skipped="0">
  <testcase classname="ScrollBar.Practice" name="validate" time="12.196"/>
  <system-out/>
</testsuite> <!-- ScrollBar.Practice -->
