<?xml version="1.0" encoding="UTF-8"?>
<!-- Generated by org.testng.reporters.JUnitReportReporter -->
<testsuite hostname="INBOOK_X1_SLIM" failures="0" tests="3" name="parallelExecution.Test1" time="0.019" errors="0" timestamp="2023-02-09T08:48:53 IST" skipped="0">
  <testcase classname="parallelExecution.Test1" name="demo1" time="0.016"/>
  <system-out/>
  <testcase classname="parallelExecution.Test1" name="demo3" time="0.001"/>
  <system-out/>
  <testcase classname="parallelExecution.Test1" name="demo2" time="0.002"/>
  <system-out/>
</testsuite> <!-- parallelExecution.Test1 -->
