<?xml version="1.0" encoding="UTF-8"?>
<!-- Generated by org.testng.reporters.JUnitReportReporter -->
<testsuite hostname="INBOOK_X1_SLIM" failures="0" tests="1" name="Selenium.SeleniumGridTest" time="9.768" errors="0" timestamp="2023-04-12T08:44:42 IST" skipped="0">
  <testcase classname="Selenium.SeleniumGridTest" name="grid" time="9.768"/>
  <system-out/>
</testsuite> <!-- Selenium.SeleniumGridTest -->
