<?xml version="1.0" encoding="UTF-8"?>
<!-- Generated by org.testng.reporters.JUnitReportReporter -->
<testsuite hostname="INBOOK_X1_SLIM" failures="0" tests="1" name="testNG.TestNGPractice1" time="19.191" errors="0" timestamp="2023-02-06T10:01:12 IST" skipped="0">
  <testcase classname="testNG.TestNGPractice1" name="demo" time="19.191"/>
  <system-out>
    <![CDATA[demo]]>
  </system-out>
</testsuite> <!-- testNG.TestNGPractice1 -->
