<?xml version="1.0" encoding="UTF-8"?>
<!-- Generated by org.testng.reporters.JUnitReportReporter -->
<testsuite hostname="INBOOK_X1_SLIM" failures="0" tests="2" name="groupExecution.Test1" time="0.010" errors="0" timestamp="2023-03-27T09:57:43 IST" skipped="0">
  <testcase classname="groupExecution.Test1" name="demo1" time="0.008"/>
  <system-out/>
  <testcase classname="groupExecution.Test1" name="demo3" time="0.002"/>
  <system-out/>
</testsuite> <!-- groupExecution.Test1 -->
