<?xml version="1.0" encoding="UTF-8"?>
<!-- Generated by org.testng.reporters.JUnitReportReporter -->
<testsuite hostname="INBOOK_X1_SLIM" failures="0" tests="1" name="Practice_Package.MakeMyTrip" time="132.667" errors="0" timestamp="2023-04-14T15:06:45 IST" skipped="0">
  <testcase classname="Practice_Package.MakeMyTrip" name="makeMyTrip" time="132.667"/>
  <system-out/>
</testsuite> <!-- Practice_Package.MakeMyTrip -->
