<?xml version="1.0" encoding="UTF-8"?>
<!-- Generated by org.testng.reporters.JUnitReportReporter -->
<testsuite hostname="INBOOK_X1_SLIM" failures="0" tests="3" name="distributtedParallelExecution.Test4" time="0.016" errors="0" timestamp="2023-03-27T15:50:58 IST" skipped="0">
  <testcase classname="distributtedParallelExecution.Test4" name="demo3" time="0.001"/>
  <system-out/>
  <testcase classname="distributtedParallelExecution.Test4" name="demo1" time="0.006"/>
  <system-out/>
  <testcase classname="distributtedParallelExecution.Test4" name="demo2" time="0.009"/>
  <system-out/>
</testsuite> <!-- distributtedParallelExecution.Test4 -->
