<?xml version="1.0" encoding="UTF-8"?>
<!-- Generated by org.testng.reporters.JUnitReportReporter -->
<testsuite hostname="INBOOK_X1_SLIM" failures="0" tests="4" name="testNG.Priority" time="0.014" errors="0" timestamp="2023-02-15T10:42:22 IST" skipped="0">
  <testcase classname="testNG.Priority" name="demo2" time="0.010"/>
  <system-out>
    <![CDATA[demo2]]>
  </system-out>
  <testcase classname="testNG.Priority" name="demo3" time="0.001"/>
  <system-out>
    <![CDATA[demo3]]>
  </system-out>
  <testcase classname="testNG.Priority" name="demo1" time="0.001"/>
  <system-out>
    <![CDATA[demo1]]>
  </system-out>
  <testcase classname="testNG.Priority" name="demo4" time="0.002"/>
  <system-out>
    <![CDATA[demo4]]>
  </system-out>
</testsuite> <!-- testNG.Priority -->
