<?xml version="1.0" encoding="UTF-8"?>
<!-- Generated by org.testng.reporters.JUnitReportReporter -->
<testsuite hostname="INBOOK_X1_SLIM" failures="0" tests="1" name="brokenLink.Odd" time="0.010" errors="0" timestamp="2023-04-09T00:36:13 IST" skipped="0">
  <testcase classname="brokenLink.Odd" name="number" time="0.010"/>
  <system-out/>
</testsuite> <!-- brokenLink.Odd -->
