<?xml version="1.0" encoding="UTF-8"?>
<!-- Generated by org.testng.reporters.JUnitReportReporter -->
<testsuite hostname="INBOOK_X1_SLIM" failures="0" tests="1" name="assingment.HouseRentalApp" time="3.433" errors="0" timestamp="2023-03-08T13:27:06 IST" skipped="0">
  <testcase classname="assingment.HouseRentalApp" name="loginToHouseRentalApp" time="3.433"/>
  <system-out/>
</testsuite> <!-- assingment.HouseRentalApp -->
