<?xml version="1.0" encoding="UTF-8"?>
<!-- Generated by org.testng.reporters.JUnitReportReporter -->
<testsuite hostname="INBOOK_X1_SLIM" failures="0" tests="3" name="parallelExecution.Test6" time="0.074" errors="0" timestamp="2023-02-09T08:48:53 IST" skipped="0">
  <testcase classname="parallelExecution.Test6" name="demo2" time="0.065"/>
  <system-out/>
  <testcase classname="parallelExecution.Test6" name="demo3" time="0.004"/>
  <system-out/>
  <testcase classname="parallelExecution.Test6" name="demo1" time="0.005"/>
  <system-out/>
</testsuite> <!-- parallelExecution.Test6 -->
