<?xml version="1.0" encoding="UTF-8"?>
<!-- Generated by org.testng.reporters.JUnitReportReporter -->
<testsuite hostname="INBOOK_X1_SLIM" failures="0" tests="1" name="brokenLink.DataProviderTest" time="70.604" errors="0" timestamp="2023-04-08T14:03:39 IST" skipped="0">
  <testcase classname="brokenLink.DataProviderTest" name="skillTest" time="70.604"/>
  <system-out/>
</testsuite> <!-- brokenLink.DataProviderTest -->
