<?xml version="1.0" encoding="UTF-8"?>
<!-- Generated by org.testng.reporters.JUnitReportReporter -->
<testsuite hostname="INBOOK_X1_SLIM" failures="0" tests="1" name="assertions.WhyNotIfElse" time="0.009" errors="0" timestamp="2023-02-11T08:40:41 IST" skipped="0">
  <testcase classname="assertions.WhyNotIfElse" name="demo" time="0.009"/>
  <system-out/>
</testsuite> <!-- assertions.WhyNotIfElse -->
