<?xml version="1.0" encoding="UTF-8"?>
<!-- Generated by org.testng.reporters.JUnitReportReporter -->
<testsuite hostname="INBOOK_X1_SLIM" failures="0" tests="1" name="brokenLink.BrokenLink3" time="199.018" errors="0" timestamp="2023-04-09T00:30:21 IST" skipped="0">
  <testcase classname="brokenLink.BrokenLink3" name="broken" time="199.018"/>
  <system-out/>
</testsuite> <!-- brokenLink.BrokenLink3 -->
